<?xml version="1.0" encoding="UTF-8"?>
<!-- Generated by org.testng.reporters.JUnitXMLReporter -->
<testsuite ignored="0" hostname="DESKTOP-RB5FE0V" failures="0" tests="6" name="TestAll" time="96.263" errors="0" timestamp="2022-06-27T12:35:51 IST">
  <testcase classname="com.mystore.testcases.EndtoEndTest" name="@BeforeMethod setup" time="95.611">
    <failure type="org.openqa.selenium.TimeoutException" message="timeout: Timed out receiving message from renderer: -0.000
  (Session info: chrome=103.0.5060.53)
Build info: version: &amp;apos;4.1.4&amp;apos;, revision: &amp;apos;535d840ee2&amp;apos;
System info: host: &amp;apos;DESKTOP-RB5FE0V&amp;apos;, ip: &amp;apos;192.168.43.59&amp;apos;, os.name: &amp;apos;Windows 10&amp;apos;, os.arch: &amp;apos;amd64&amp;apos;, os.version: &amp;apos;10.0&amp;apos;, java.version: &amp;apos;17.0.2&amp;apos;
Driver info: org.openqa.selenium.chrome.ChromeDriver
Command: [cf05622bd0d6308f4e843bb54446c4d5, get {url=http://automationpractice.com/index.php}]
Capabilities {acceptInsecureCerts: false, browserName: chrome, browserVersion: 103.0.5060.53, chrome: {chromedriverVersion: 103.0.5060.53 (a1711811edd7..., userDataDir: C:\Users\ambul\AppData\Loca...}, goog:chromeOptions: {debuggerAddress: localhost:53133}, javascriptEnabled: true, networkConnectionEnabled: false, pageLoadStrategy: normal, platform: WINDOWS, platformName: WINDOWS, proxy: Proxy(), se:cdp: ws://localhost:53133/devtoo..., se:cdpVersion: 103.0.5060.53, setWindowRect: true, strictFileInteractability: false, timeouts: {implicit: 0, pageLoad: 300000, script: 30000}, unhandledPromptBehavior: dismiss and notify, webauthn:extension:credBlob: true, webauthn:extension:largeBlob: true, webauthn:virtualAuthenticators: true}
Session ID: cf05622bd0d6308f4e843bb54446c4d5">
      <![CDATA[org.openqa.selenium.TimeoutException: timeout: Timed out receiving message from renderer: -0.000
  (Session info: chrome=103.0.5060.53)
Build info: version: '4.1.4', revision: '535d840ee2'
System info: host: 'DESKTOP-RB5FE0V', ip: '192.168.43.59', os.name: 'Windows 10', os.arch: 'amd64', os.version: '10.0', java.version: '17.0.2'
Driver info: org.openqa.selenium.chrome.ChromeDriver
Command: [cf05622bd0d6308f4e843bb54446c4d5, get {url=http://automationpractice.com/index.php}]
Capabilities {acceptInsecureCerts: false, browserName: chrome, browserVersion: 103.0.5060.53, chrome: {chromedriverVersion: 103.0.5060.53 (a1711811edd7..., userDataDir: C:\Users\ambul\AppData\Loca...}, goog:chromeOptions: {debuggerAddress: localhost:53133}, javascriptEnabled: true, networkConnectionEnabled: false, pageLoadStrategy: normal, platform: WINDOWS, platformName: WINDOWS, proxy: Proxy(), se:cdp: ws://localhost:53133/devtoo..., se:cdpVersion: 103.0.5060.53, setWindowRect: true, strictFileInteractability: false, timeouts: {implicit: 0, pageLoad: 300000, script: 30000}, unhandledPromptBehavior: dismiss and notify, webauthn:extension:credBlob: true, webauthn:extension:largeBlob: true, webauthn:virtualAuthenticators: true}
Session ID: cf05622bd0d6308f4e843bb54446c4d5
at org.openqa.selenium.remote.codec.w3c.W3CHttpResponseCodec.createException(W3CHttpResponseCodec.java:200)
at org.openqa.selenium.remote.codec.w3c.W3CHttpResponseCodec.decode(W3CHttpResponseCodec.java:133)
at org.openqa.selenium.remote.codec.w3c.W3CHttpResponseCodec.decode(W3CHttpResponseCodec.java:53)
at org.openqa.selenium.remote.HttpCommandExecutor.execute(HttpCommandExecutor.java:184)
at org.openqa.selenium.remote.service.DriverCommandExecutor.invokeExecute(DriverCommandExecutor.java:167)
at org.openqa.selenium.remote.service.DriverCommandExecutor.execute(DriverCommandExecutor.java:142)
at org.openqa.selenium.remote.RemoteWebDriver.execute(RemoteWebDriver.java:567)
at org.openqa.selenium.remote.RemoteWebDriver.get(RemoteWebDriver.java:330)
at com.mystore.base.Baseclass.launchapp(Baseclass.java:91)
at com.mystore.testcases.EndtoEndTest.setup(EndtoEndTest.java:52)
at java.base/java.util.ArrayList.forEach(ArrayList.java:1511)
... Removed 36 stack frames]]>
    </failure>
  </testcase> <!-- @BeforeMethod setup -->
  <testcase classname="com.mystore.testcases.EndtoEndTest" name="@AfterMethod teardown" time="-1.656313550853E9">
    <skipped/>
  </testcase> <!-- @AfterMethod teardown -->
  <testcase classname="com.mystore.testcases.EndtoEndTest" name="@BeforeMethod setup" time="-1.656313550854E9">
    <skipped/>
  </testcase> <!-- @BeforeMethod setup -->
  <testcase classname="com.mystore.testcases.EndtoEndTest" name="@AfterMethod teardown" time="-1.65631355086E9">
    <skipped/>
  </testcase> <!-- @AfterMethod teardown -->
  <testcase classname="com.mystore.testcases.EndtoEndTest" name="@BeforeMethod setup" time="-1.656313550864E9">
    <skipped/>
  </testcase> <!-- @BeforeMethod setup -->
  <testcase classname="com.mystore.testcases.EndtoEndTest" name="@AfterMethod teardown" time="-1.656313550867E9">
    <skipped/>
  </testcase> <!-- @AfterMethod teardown -->
  <testcase classname="com.mystore.testcases.EndtoEndTest" name="@BeforeMethod setup" time="-1.656313550951E9">
    <skipped/>
  </testcase> <!-- @BeforeMethod setup -->
  <testcase classname="com.mystore.testcases.EndtoEndTest" name="@AfterMethod teardown" time="-1.656313550955E9">
    <skipped/>
  </testcase> <!-- @AfterMethod teardown -->
  <testcase classname="com.mystore.testcases.EndtoEndTest" name="@BeforeMethod setup" time="-1.656313550958E9">
    <skipped/>
  </testcase> <!-- @BeforeMethod setup -->
  <testcase classname="com.mystore.testcases.EndtoEndTest" name="@AfterMethod teardown" time="-1.656313550966E9">
    <skipped/>
  </testcase> <!-- @AfterMethod teardown -->
  <testcase classname="com.mystore.testcases.EndtoEndTest" name="@BeforeMethod setup" time="-1.656313550967E9">
    <skipped/>
  </testcase> <!-- @BeforeMethod setup -->
  <testcase classname="com.mystore.testcases.EndtoEndTest" name="@AfterMethod teardown" time="-1.656313550974E9">
    <skipped/>
  </testcase> <!-- @AfterMethod teardown -->
  <testcase classname="com.mystore.testcases.EndtoEndTest" name="EndToEndTestForNewCustomers" time="0.0">
    <skipped/>
  </testcase> <!-- EndToEndTestForNewCustomers -->
  <testcase classname="com.mystore.testcases.EndtoEndTest" name="EndToEndTestForNewCustomers" time="0.0">
    <skipped/>
  </testcase> <!-- EndToEndTestForNewCustomers -->
  <testcase classname="com.mystore.testcases.EndtoEndTest" name="EndToEndTestForNewCustomers" time="0.0">
    <skipped/>
  </testcase> <!-- EndToEndTestForNewCustomers -->
  <testcase classname="com.mystore.testcases.EndtoEndTest" name="EndToEndTestForOldCustomers" time="0.0">
    <skipped/>
  </testcase> <!-- EndToEndTestForOldCustomers -->
  <testcase classname="com.mystore.testcases.EndtoEndTest" name="EndToEndTestForOldCustomers" time="0.0">
    <skipped/>
  </testcase> <!-- EndToEndTestForOldCustomers -->
  <testcase classname="com.mystore.testcases.EndtoEndTest" name="EndToEndTestForOldCustomers" time="0.0">
    <skipped/>
  </testcase> <!-- EndToEndTestForOldCustomers -->
</testsuite> <!-- TestAll -->
